app/build/intermediates/manifest_merge_blame_file/debug/manifest-merger-blame-debug-report.txt
1<?xml version="1.0" encoding="utf-8"?>
2<manifest xmlns:android="http://schemas.android.com/apk/res/android"
3    package="com.example.residenthomes"
4    android:versionCode="1"
5    android:versionName="1.0" >
6
7    <uses-sdk
8        android:minSdkVersion="19"
8-->src/main/AndroidManifest.xml
9        android:targetSdkVersion="33" />
9-->src/main/AndroidManifest.xml
10
11    <uses-permission android:name="android.permission.INTERNET" />
11-->src/main/AndroidManifest.xml:5:5-66
11-->src/main/AndroidManifest.xml:5:22-64
12    <uses-permission android:name="android.permission.READ_EXTERNAL_STORAGE" />
12-->src/main/AndroidManifest.xml:6:5-79
12-->src/main/AndroidManifest.xml:6:22-77
13    <uses-permission android:name="android.permission.ACCESS_NETWORK_STATE" />
13-->[com.google.firebase:firebase-auth:22.0.0] AndroidManifest.xml:26:5-79
13-->[com.google.firebase:firebase-auth:22.0.0] AndroidManifest.xml:26:22-76
14    <uses-permission android:name="android.permission.WAKE_LOCK" />
14-->[com.google.android.gms:play-services-measurement-api:21.2.2] AndroidManifest.xml:24:5-68
14-->[com.google.android.gms:play-services-measurement-api:21.2.2] AndroidManifest.xml:24:22-65
15    <uses-permission android:name="com.google.android.gms.permission.AD_ID" />
15-->[com.google.android.gms:play-services-measurement-api:21.2.2] AndroidManifest.xml:25:5-79
15-->[com.google.android.gms:play-services-measurement-api:21.2.2] AndroidManifest.xml:25:22-76
16    <uses-permission android:name="com.google.android.finsky.permission.BIND_GET_INSTALL_REFERRER_SERVICE" />
16-->[com.google.android.gms:play-services-measurement:21.2.2] AndroidManifest.xml:26:5-110
16-->[com.google.android.gms:play-services-measurement:21.2.2] AndroidManifest.xml:26:22-107
17
18    <permission
18-->[androidx.core:core:1.10.0] AndroidManifest.xml:22:5-24:47
19        android:name="com.example.residenthomes.DYNAMIC_RECEIVER_NOT_EXPORTED_PERMISSION"
19-->[androidx.core:core:1.10.0] AndroidManifest.xml:23:9-81
20        android:protectionLevel="signature" />
20-->[androidx.core:core:1.10.0] AndroidManifest.xml:24:9-44
21
22    <uses-permission android:name="com.example.residenthomes.DYNAMIC_RECEIVER_NOT_EXPORTED_PERMISSION" />
22-->[androidx.core:core:1.10.0] AndroidManifest.xml:26:5-97
22-->[androidx.core:core:1.10.0] AndroidManifest.xml:26:22-94
23
24    <application
24-->src/main/AndroidManifest.xml:7:5-89:19
25        android:allowBackup="true"
25-->src/main/AndroidManifest.xml:8:9-35
26        android:appComponentFactory="androidx.core.app.CoreComponentFactory"
26-->[androidx.core:core:1.10.0] AndroidManifest.xml:28:18-86
27        android:dataExtractionRules="@xml/data_extraction_rules"
27-->src/main/AndroidManifest.xml:9:9-65
28        android:debuggable="true"
29        android:fullBackupContent="@xml/backup_rules"
29-->src/main/AndroidManifest.xml:10:9-54
30        android:icon="@mipmap/resident_logo"
30-->src/main/AndroidManifest.xml:11:9-45
31        android:label="@string/app_name"
31-->src/main/AndroidManifest.xml:12:9-41
32        android:roundIcon="@mipmap/ic_launcher_round"
32-->src/main/AndroidManifest.xml:13:9-54
33        android:supportsRtl="true"
33-->src/main/AndroidManifest.xml:14:9-35
34        android:testOnly="true"
35        android:theme="@style/Theme.ResidentHomes" >
35-->src/main/AndroidManifest.xml:15:9-51
36        <activity
36-->src/main/AndroidManifest.xml:17:9-19:40
37            android:name="com.example.residenthomes.RoomActivity"
37-->src/main/AndroidManifest.xml:18:13-41
38            android:exported="false" />
38-->src/main/AndroidManifest.xml:19:13-37
39        <activity
39-->src/main/AndroidManifest.xml:20:9-22:40
40            android:name="com.example.residenthomes.AdminProfileActivity"
40-->src/main/AndroidManifest.xml:21:13-49
41            android:exported="false" />
41-->src/main/AndroidManifest.xml:22:13-37
42        <activity
42-->src/main/AndroidManifest.xml:23:9-25:40
43            android:name="com.example.residenthomes.ViewRoomActivity"
43-->src/main/AndroidManifest.xml:24:13-45
44            android:exported="false" />
44-->src/main/AndroidManifest.xml:25:13-37
45        <activity
45-->src/main/AndroidManifest.xml:26:9-28:40
46            android:name="com.example.residenthomes.LocationActivity"
46-->src/main/AndroidManifest.xml:27:13-45
47            android:exported="false" />
47-->src/main/AndroidManifest.xml:28:13-37
48        <activity
48-->src/main/AndroidManifest.xml:29:9-31:40
49            android:name="com.example.residenthomes.ViewLocationActivity"
49-->src/main/AndroidManifest.xml:30:13-49
50            android:exported="false" />
50-->src/main/AndroidManifest.xml:31:13-37
51        <activity
51-->src/main/AndroidManifest.xml:32:9-34:40
52            android:name="com.example.residenthomes.AddLocationActivity"
52-->src/main/AndroidManifest.xml:33:13-48
53            android:exported="false" />
53-->src/main/AndroidManifest.xml:34:13-37
54        <activity
54-->src/main/AndroidManifest.xml:35:9-37:40
55            android:name="com.example.residenthomes.StudentProfileActivity"
55-->src/main/AndroidManifest.xml:36:13-51
56            android:exported="false" />
56-->src/main/AndroidManifest.xml:37:13-37
57        <activity
57-->src/main/AndroidManifest.xml:38:9-40:40
58            android:name="com.example.residenthomes.AddRoomActivity"
58-->src/main/AndroidManifest.xml:39:13-44
59            android:exported="false" />
59-->src/main/AndroidManifest.xml:40:13-37
60        <activity
60-->src/main/AndroidManifest.xml:41:9-43:40
61            android:name="com.example.residenthomes.ViewAmenitiesActivity"
61-->src/main/AndroidManifest.xml:42:13-50
62            android:exported="false" />
62-->src/main/AndroidManifest.xml:43:13-37
63        <activity
63-->src/main/AndroidManifest.xml:44:9-46:40
64            android:name="com.example.residenthomes.AmenityActivity"
64-->src/main/AndroidManifest.xml:45:13-44
65            android:exported="false" />
65-->src/main/AndroidManifest.xml:46:13-37
66        <activity
66-->src/main/AndroidManifest.xml:47:9-49:40
67            android:name="com.example.residenthomes.AddAmenitiesActivity"
67-->src/main/AndroidManifest.xml:48:13-49
68            android:exported="false" />
68-->src/main/AndroidManifest.xml:49:13-37
69        <activity
69-->src/main/AndroidManifest.xml:50:9-52:40
70            android:name="com.example.residenthomes.HostelBookingActivity"
70-->src/main/AndroidManifest.xml:51:13-50
71            android:exported="false" />
71-->src/main/AndroidManifest.xml:52:13-37
72        <activity
72-->src/main/AndroidManifest.xml:53:9-55:40
73            android:name="com.example.residenthomes.RoomBookingActivity"
73-->src/main/AndroidManifest.xml:54:13-48
74            android:exported="false" />
74-->src/main/AndroidManifest.xml:55:13-37
75        <activity
75-->src/main/AndroidManifest.xml:56:9-58:40
76            android:name="com.example.residenthomes.HostelActivity"
76-->src/main/AndroidManifest.xml:57:13-43
77            android:exported="false" />
77-->src/main/AndroidManifest.xml:58:13-37
78        <activity
78-->src/main/AndroidManifest.xml:59:9-61:40
79            android:name="com.example.residenthomes.ViewHostelActivity"
79-->src/main/AndroidManifest.xml:60:13-47
80            android:exported="false" />
80-->src/main/AndroidManifest.xml:61:13-37
81        <activity
81-->src/main/AndroidManifest.xml:62:9-64:40
82            android:name="com.example.residenthomes.AddHostelActivity"
82-->src/main/AndroidManifest.xml:63:13-46
83            android:exported="false" />
83-->src/main/AndroidManifest.xml:64:13-37
84        <activity
84-->src/main/AndroidManifest.xml:65:9-67:40
85            android:name="com.example.residenthomes.AdminActivity"
85-->src/main/AndroidManifest.xml:66:13-42
86            android:exported="false" />
86-->src/main/AndroidManifest.xml:67:13-37
87        <activity
87-->src/main/AndroidManifest.xml:68:9-70:40
88            android:name="com.example.residenthomes.DashBoardActivity"
88-->src/main/AndroidManifest.xml:69:13-46
89            android:exported="false" />
89-->src/main/AndroidManifest.xml:70:13-37
90        <activity
90-->src/main/AndroidManifest.xml:71:9-73:40
91            android:name="com.example.residenthomes.HomeActivity"
91-->src/main/AndroidManifest.xml:72:13-41
92            android:exported="false" />
92-->src/main/AndroidManifest.xml:73:13-37
93        <activity
93-->src/main/AndroidManifest.xml:74:9-76:40
94            android:name="com.example.residenthomes.LoginActivity"
94-->src/main/AndroidManifest.xml:75:13-42
95            android:exported="false" />
95-->src/main/AndroidManifest.xml:76:13-37
96        <activity
96-->src/main/AndroidManifest.xml:77:9-79:40
97            android:name="com.example.residenthomes.RegisterActivity"
97-->src/main/AndroidManifest.xml:78:13-45
98            android:exported="false" />
98-->src/main/AndroidManifest.xml:79:13-37
99        <activity
99-->src/main/AndroidManifest.xml:80:9-88:20
100            android:name="com.example.residenthomes.SplashActivity"
100-->src/main/AndroidManifest.xml:81:13-43
101            android:exported="true" >
101-->src/main/AndroidManifest.xml:82:13-36
102            <intent-filter>
102-->src/main/AndroidManifest.xml:83:13-87:29
103                <action android:name="android.intent.action.MAIN" />
103-->src/main/AndroidManifest.xml:84:17-69
103-->src/main/AndroidManifest.xml:84:25-66
104
105                <category android:name="android.intent.category.LAUNCHER" />
105-->src/main/AndroidManifest.xml:86:17-77
105-->src/main/AndroidManifest.xml:86:27-74
106            </intent-filter>
107        </activity>
108
109        <service
109-->[com.google.firebase:firebase-database-ktx:20.2.1] AndroidManifest.xml:11:9-17:19
110            android:name="com.google.firebase.components.ComponentDiscoveryService"
110-->[com.google.firebase:firebase-database-ktx:20.2.1] AndroidManifest.xml:12:13-84
111            android:directBootAware="true"
111-->[com.google.firebase:firebase-common:20.3.2] AndroidManifest.xml:34:13-43
112            android:exported="false" >
112-->[com.google.firebase:firebase-database-ktx:20.2.1] AndroidManifest.xml:13:13-37
113            <meta-data
113-->[com.google.firebase:firebase-database-ktx:20.2.1] AndroidManifest.xml:14:13-16:85
114                android:name="com.google.firebase.components:com.google.firebase.database.ktx.FirebaseDatabaseKtxRegistrar"
114-->[com.google.firebase:firebase-database-ktx:20.2.1] AndroidManifest.xml:15:17-124
115                android:value="com.google.firebase.components.ComponentRegistrar" />
115-->[com.google.firebase:firebase-database-ktx:20.2.1] AndroidManifest.xml:16:17-82
116            <meta-data
116-->[com.google.firebase:firebase-storage-ktx:20.2.0] AndroidManifest.xml:14:13-16:85
117                android:name="com.google.firebase.components:com.google.firebase.storage.ktx.FirebaseStorageKtxRegistrar"
117-->[com.google.firebase:firebase-storage-ktx:20.2.0] AndroidManifest.xml:15:17-122
118                android:value="com.google.firebase.components.ComponentRegistrar" />
118-->[com.google.firebase:firebase-storage-ktx:20.2.0] AndroidManifest.xml:16:17-82
119            <meta-data
119-->[com.google.firebase:firebase-auth-ktx:22.0.0] AndroidManifest.xml:11:13-13:85
120                android:name="com.google.firebase.components:com.google.firebase.auth.ktx.FirebaseAuthKtxRegistrar"
120-->[com.google.firebase:firebase-auth-ktx:22.0.0] AndroidManifest.xml:12:17-116
121                android:value="com.google.firebase.components.ComponentRegistrar" />
121-->[com.google.firebase:firebase-auth-ktx:22.0.0] AndroidManifest.xml:13:17-82
122            <meta-data
122-->[com.google.firebase:firebase-analytics-ktx:21.2.2] AndroidManifest.xml:11:13-13:85
123                android:name="com.google.firebase.components:com.google.firebase.analytics.ktx.FirebaseAnalyticsKtxRegistrar"
123-->[com.google.firebase:firebase-analytics-ktx:21.2.2] AndroidManifest.xml:12:17-126
124                android:value="com.google.firebase.components.ComponentRegistrar" />
124-->[com.google.firebase:firebase-analytics-ktx:21.2.2] AndroidManifest.xml:13:17-82
125            <meta-data
125-->[com.google.firebase:firebase-common-ktx:20.3.2] AndroidManifest.xml:14:13-16:85
126                android:name="com.google.firebase.components:com.google.firebase.ktx.FirebaseCommonKtxRegistrar"
126-->[com.google.firebase:firebase-common-ktx:20.3.2] AndroidManifest.xml:15:17-113
127                android:value="com.google.firebase.components.ComponentRegistrar" />
127-->[com.google.firebase:firebase-common-ktx:20.3.2] AndroidManifest.xml:16:17-82
128            <meta-data
128-->[com.google.firebase:firebase-auth:22.0.0] AndroidManifest.xml:69:13-71:85
129                android:name="com.google.firebase.components:com.google.firebase.auth.FirebaseAuthRegistrar"
129-->[com.google.firebase:firebase-auth:22.0.0] AndroidManifest.xml:70:17-109
130                android:value="com.google.firebase.components.ComponentRegistrar" />
130-->[com.google.firebase:firebase-auth:22.0.0] AndroidManifest.xml:71:17-82
131            <meta-data
131-->[com.google.firebase:firebase-database:20.2.1] AndroidManifest.xml:31:13-33:85
132                android:name="com.google.firebase.components:com.google.firebase.database.DatabaseRegistrar"
132-->[com.google.firebase:firebase-database:20.2.1] AndroidManifest.xml:32:17-109
133                android:value="com.google.firebase.components.ComponentRegistrar" />
133-->[com.google.firebase:firebase-database:20.2.1] AndroidManifest.xml:33:17-82
134            <meta-data
134-->[com.google.firebase:firebase-storage:20.2.0] AndroidManifest.xml:32:13-34:85
135                android:name="com.google.firebase.components:com.google.firebase.storage.StorageRegistrar"
135-->[com.google.firebase:firebase-storage:20.2.0] AndroidManifest.xml:33:17-107
136                android:value="com.google.firebase.components.ComponentRegistrar" />
136-->[com.google.firebase:firebase-storage:20.2.0] AndroidManifest.xml:34:17-82
137            <meta-data
137-->[com.google.android.gms:play-services-measurement-api:21.2.2] AndroidManifest.xml:31:13-33:85
138                android:name="com.google.firebase.components:com.google.firebase.analytics.connector.internal.AnalyticsConnectorRegistrar"
138-->[com.google.android.gms:play-services-measurement-api:21.2.2] AndroidManifest.xml:32:17-139
139                android:value="com.google.firebase.components.ComponentRegistrar" />
139-->[com.google.android.gms:play-services-measurement-api:21.2.2] AndroidManifest.xml:33:17-82
140            <meta-data
140-->[com.google.firebase:firebase-installations:17.1.3] AndroidManifest.xml:17:13-19:85
141                android:name="com.google.firebase.components:com.google.firebase.installations.FirebaseInstallationsRegistrar"
141-->[com.google.firebase:firebase-installations:17.1.3] AndroidManifest.xml:18:17-127
142                android:value="com.google.firebase.components.ComponentRegistrar" />
142-->[com.google.firebase:firebase-installations:17.1.3] AndroidManifest.xml:19:17-82
143        </service>
144
145        <activity
145-->[com.google.firebase:firebase-auth:22.0.0] AndroidManifest.xml:29:9-46:20
146            android:name="com.google.firebase.auth.internal.GenericIdpActivity"
146-->[com.google.firebase:firebase-auth:22.0.0] AndroidManifest.xml:30:13-80
147            android:excludeFromRecents="true"
147-->[com.google.firebase:firebase-auth:22.0.0] AndroidManifest.xml:31:13-46
148            android:exported="true"
148-->[com.google.firebase:firebase-auth:22.0.0] AndroidManifest.xml:32:13-36
149            android:launchMode="singleTask"
149-->[com.google.firebase:firebase-auth:22.0.0] AndroidManifest.xml:33:13-44
150            android:theme="@android:style/Theme.Translucent.NoTitleBar" >
150-->[com.google.firebase:firebase-auth:22.0.0] AndroidManifest.xml:34:13-72
151            <intent-filter>
151-->[com.google.firebase:firebase-auth:22.0.0] AndroidManifest.xml:35:13-45:29
152                <action android:name="android.intent.action.VIEW" />
152-->[com.google.firebase:firebase-auth:22.0.0] AndroidManifest.xml:36:17-69
152-->[com.google.firebase:firebase-auth:22.0.0] AndroidManifest.xml:36:25-66
153
154                <category android:name="android.intent.category.DEFAULT" />
154-->[com.google.firebase:firebase-auth:22.0.0] AndroidManifest.xml:38:17-76
154-->[com.google.firebase:firebase-auth:22.0.0] AndroidManifest.xml:38:27-73
155                <category android:name="android.intent.category.BROWSABLE" />
155-->[com.google.firebase:firebase-auth:22.0.0] AndroidManifest.xml:39:17-78
155-->[com.google.firebase:firebase-auth:22.0.0] AndroidManifest.xml:39:27-75
156
157                <data
157-->[com.google.firebase:firebase-auth:22.0.0] AndroidManifest.xml:41:17-44:51
158                    android:host="firebase.auth"
158-->[com.google.firebase:firebase-auth:22.0.0] AndroidManifest.xml:42:21-49
159                    android:path="/"
159-->[com.google.firebase:firebase-auth:22.0.0] AndroidManifest.xml:43:21-37
160                    android:scheme="genericidp" />
160-->[com.google.firebase:firebase-auth:22.0.0] AndroidManifest.xml:44:21-48
161            </intent-filter>
162        </activity>
163        <activity
163-->[com.google.firebase:firebase-auth:22.0.0] AndroidManifest.xml:47:9-64:20
164            android:name="com.google.firebase.auth.internal.RecaptchaActivity"
164-->[com.google.firebase:firebase-auth:22.0.0] AndroidManifest.xml:48:13-79
165            android:excludeFromRecents="true"
165-->[com.google.firebase:firebase-auth:22.0.0] AndroidManifest.xml:49:13-46
166            android:exported="true"
166-->[com.google.firebase:firebase-auth:22.0.0] AndroidManifest.xml:50:13-36
167            android:launchMode="singleTask"
167-->[com.google.firebase:firebase-auth:22.0.0] AndroidManifest.xml:51:13-44
168            android:theme="@android:style/Theme.Translucent.NoTitleBar" >
168-->[com.google.firebase:firebase-auth:22.0.0] AndroidManifest.xml:52:13-72
169            <intent-filter>
169-->[com.google.firebase:firebase-auth:22.0.0] AndroidManifest.xml:53:13-63:29
170                <action android:name="android.intent.action.VIEW" />
170-->[com.google.firebase:firebase-auth:22.0.0] AndroidManifest.xml:36:17-69
170-->[com.google.firebase:firebase-auth:22.0.0] AndroidManifest.xml:36:25-66
171
172                <category android:name="android.intent.category.DEFAULT" />
172-->[com.google.firebase:firebase-auth:22.0.0] AndroidManifest.xml:38:17-76
172-->[com.google.firebase:firebase-auth:22.0.0] AndroidManifest.xml:38:27-73
173                <category android:name="android.intent.category.BROWSABLE" />
173-->[com.google.firebase:firebase-auth:22.0.0] AndroidManifest.xml:39:17-78
173-->[com.google.firebase:firebase-auth:22.0.0] AndroidManifest.xml:39:27-75
174
175                <data
175-->[com.google.firebase:firebase-auth:22.0.0] AndroidManifest.xml:41:17-44:51
176                    android:host="firebase.auth"
176-->[com.google.firebase:firebase-auth:22.0.0] AndroidManifest.xml:42:21-49
177                    android:path="/"
177-->[com.google.firebase:firebase-auth:22.0.0] AndroidManifest.xml:43:21-37
178                    android:scheme="recaptcha" />
178-->[com.google.firebase:firebase-auth:22.0.0] AndroidManifest.xml:44:21-48
179            </intent-filter>
180        </activity>
181
182        <provider
182-->[com.google.firebase:firebase-common:20.3.2] AndroidManifest.xml:25:9-30:39
183            android:name="com.google.firebase.provider.FirebaseInitProvider"
183-->[com.google.firebase:firebase-common:20.3.2] AndroidManifest.xml:26:13-77
184            android:authorities="com.example.residenthomes.firebaseinitprovider"
184-->[com.google.firebase:firebase-common:20.3.2] AndroidManifest.xml:27:13-72
185            android:directBootAware="true"
185-->[com.google.firebase:firebase-common:20.3.2] AndroidManifest.xml:28:13-43
186            android:exported="false"
186-->[com.google.firebase:firebase-common:20.3.2] AndroidManifest.xml:29:13-37
187            android:initOrder="100" />
187-->[com.google.firebase:firebase-common:20.3.2] AndroidManifest.xml:30:13-36
188
189        <activity
189-->[com.google.android.gms:play-services-base:18.1.0] AndroidManifest.xml:20:9-22:45
190            android:name="com.google.android.gms.common.api.GoogleApiActivity"
190-->[com.google.android.gms:play-services-base:18.1.0] AndroidManifest.xml:20:19-85
191            android:exported="false"
191-->[com.google.android.gms:play-services-base:18.1.0] AndroidManifest.xml:22:19-43
192            android:theme="@android:style/Theme.Translucent.NoTitleBar" />
192-->[com.google.android.gms:play-services-base:18.1.0] AndroidManifest.xml:21:19-78
193
194        <receiver
194-->[com.google.android.gms:play-services-measurement:21.2.2] AndroidManifest.xml:29:9-33:20
195            android:name="com.google.android.gms.measurement.AppMeasurementReceiver"
195-->[com.google.android.gms:play-services-measurement:21.2.2] AndroidManifest.xml:30:13-85
196            android:enabled="true"
196-->[com.google.android.gms:play-services-measurement:21.2.2] AndroidManifest.xml:31:13-35
197            android:exported="false" >
197-->[com.google.android.gms:play-services-measurement:21.2.2] AndroidManifest.xml:32:13-37
198        </receiver>
199
200        <service
200-->[com.google.android.gms:play-services-measurement:21.2.2] AndroidManifest.xml:35:9-38:40
201            android:name="com.google.android.gms.measurement.AppMeasurementService"
201-->[com.google.android.gms:play-services-measurement:21.2.2] AndroidManifest.xml:36:13-84
202            android:enabled="true"
202-->[com.google.android.gms:play-services-measurement:21.2.2] AndroidManifest.xml:37:13-35
203            android:exported="false" />
203-->[com.google.android.gms:play-services-measurement:21.2.2] AndroidManifest.xml:38:13-37
204        <service
204-->[com.google.android.gms:play-services-measurement:21.2.2] AndroidManifest.xml:39:9-43:72
205            android:name="com.google.android.gms.measurement.AppMeasurementJobService"
205-->[com.google.android.gms:play-services-measurement:21.2.2] AndroidManifest.xml:40:13-87
206            android:enabled="true"
206-->[com.google.android.gms:play-services-measurement:21.2.2] AndroidManifest.xml:41:13-35
207            android:exported="false"
207-->[com.google.android.gms:play-services-measurement:21.2.2] AndroidManifest.xml:42:13-37
208            android:permission="android.permission.BIND_JOB_SERVICE" />
208-->[com.google.android.gms:play-services-measurement:21.2.2] AndroidManifest.xml:43:13-69
209
210        <meta-data
210-->[com.google.android.gms:play-services-basement:18.1.0] AndroidManifest.xml:21:9-23:69
211            android:name="com.google.android.gms.version"
211-->[com.google.android.gms:play-services-basement:18.1.0] AndroidManifest.xml:22:13-58
212            android:value="@integer/google_play_services_version" />
212-->[com.google.android.gms:play-services-basement:18.1.0] AndroidManifest.xml:23:13-66
213
214        <provider
214-->[androidx.emoji2:emoji2:1.2.0] AndroidManifest.xml:24:9-32:20
215            android:name="androidx.startup.InitializationProvider"
215-->[androidx.emoji2:emoji2:1.2.0] AndroidManifest.xml:25:13-67
216            android:authorities="com.example.residenthomes.androidx-startup"
216-->[androidx.emoji2:emoji2:1.2.0] AndroidManifest.xml:26:13-68
217            android:exported="false" >
217-->[androidx.emoji2:emoji2:1.2.0] AndroidManifest.xml:27:13-37
218            <meta-data
218-->[androidx.emoji2:emoji2:1.2.0] AndroidManifest.xml:29:13-31:52
219                android:name="androidx.emoji2.text.EmojiCompatInitializer"
219-->[androidx.emoji2:emoji2:1.2.0] AndroidManifest.xml:30:17-75
220                android:value="androidx.startup" />
220-->[androidx.emoji2:emoji2:1.2.0] AndroidManifest.xml:31:17-49
221            <meta-data
221-->[androidx.lifecycle:lifecycle-process:2.4.1] AndroidManifest.xml:31:13-33:52
222                android:name="androidx.lifecycle.ProcessLifecycleInitializer"
222-->[androidx.lifecycle:lifecycle-process:2.4.1] AndroidManifest.xml:32:17-78
223                android:value="androidx.startup" />
223-->[androidx.lifecycle:lifecycle-process:2.4.1] AndroidManifest.xml:33:17-49
224        </provider>
225    </application>
226
227</manifest>